<?xml version="1.0" encoding="UTF-8"?>
<!-- Generated by org.testng.reporters.JUnitXMLReporter -->
<testsuite hostname="DESKTOP-CIPNC4M" ignored="4" name="Regression Test" tests="6" failures="0" timestamp="2020-04-29T03:23:57 EET" time="17.763" errors="0">
  <testcase name="UserCanSearchForProduct" time="4.029" classname="tests.SearchProductTest"/>
  <testcase name="UserCanUseContactUs" time="3.311" classname="tests.ContactUsTest"/>
  <testcase name="UserCanRegisterSuccessfully" time="2.431" classname="tests.EmailFriendTest"/>
  <testcase name="UserCanSearchWithAutoSuggest" time="4.786" classname="tests.EmailFriendTest"/>
  <testcase name="RegisteredUserCanSendProductToFriend" time="1.729" classname="tests.EmailFriendTest"/>
  <testcase name="RegisterdUserCanLogout" time="1.121" classname="tests.EmailFriendTest"/>
  <testcase name="@BeforeSuite startDriver" time="0.0" classname="tests.TestBase">
    <ignored/>
  </testcase> <!-- @BeforeSuite startDriver -->
  <testcase name="@BeforeSuite startDriver" time="0.0" classname="tests.TestBase">
    <ignored/>
  </testcase> <!-- @BeforeSuite startDriver -->
  <testcase name="@AfterSuite stopDriver" time="0.0" classname="tests.TestBase">
    <ignored/>
  </testcase> <!-- @AfterSuite stopDriver -->
  <testcase name="@AfterSuite stopDriver" time="0.0" classname="tests.TestBase">
    <ignored/>
  </testcase> <!-- @AfterSuite stopDriver -->
</testsuite> <!-- Regression Test -->
