<?xml version="1.0" encoding="UTF-8"?>
<!-- Generated by org.testng.reporters.JUnitXMLReporter -->
<testsuite hostname="DESKTOP-CIPNC4M" ignored="0" name="Chrome Regression Test" tests="8" failures="0" timestamp="2020-04-30T12:15:09 EET" time="22.754" errors="0">
  <testcase name="UserCanRegisterSuccessfully" time="4.297" classname="tests.MyAccountParallelTest"/>
  <testcase name="RegisteredUserCanChangePassword" time="3.638" classname="tests.MyAccountParallelTest"/>
  <testcase name="UserCanRegisterSuccessfully" time="4.206" classname="tests.MyAccountParallelTest"/>
  <testcase name="RegisterdUserCanLogout" time="1.53" classname="tests.MyAccountParallelTest"/>
  <testcase name="RegisteredUserCanChangePassword" time="3.035" classname="tests.MyAccountParallelTest"/>
  <testcase name="RegisterdUserCanLogin" time="3.24" classname="tests.MyAccountParallelTest"/>
  <testcase name="RegisterdUserCanLogout" time="0.958" classname="tests.MyAccountParallelTest"/>
  <testcase name="RegisterdUserCanLogin" time="2.897" classname="tests.MyAccountParallelTest"/>
</testsuite> <!-- Chrome Regression Test -->
