<?xml version="1.0" encoding="UTF-8"?>
<!-- Generated by org.testng.reporters.JUnitXMLReporter -->
<testsuite hostname="DESKTOP-CIPNC4M" ignored="0" name="Regression Test" tests="3" failures="0" timestamp="2020-04-30T10:07:59 EET" time="24.624" errors="0">
  <testcase name="UserCanRegisterSuccessfully" time="5.531" classname="tests.UserRegistrationParallelTesting"/>
  <testcase name="RegisterdUserCanLogout" time="1.869" classname="tests.UserRegistrationParallelTesting"/>
  <testcase name="RegisterdUserCanLogin" time="4.844" classname="tests.UserRegistrationParallelTesting"/>
</testsuite> <!-- Regression Test -->
